<?xml version="1.0" encoding="UTF-8"?>
<!-- Generated by org.testng.reporters.JUnitXMLReporter -->
<testsuite hostname="student-virtual-machine" name="Command line test" tests="16" failures="0" timestamp="2 Apr 2016 22:17:29 GMT" time="0.024" errors="0">
  <testcase name="testBuilder" time="0.006" classname="com.ferin.TestAccount"/>
  <testcase name="testCheque" time="0.0" classname="com.ferin.TestAccount"/>
  <testcase name="testCredit" time="0.0" classname="com.ferin.TestAccount"/>
  <testcase name="testCreditMethod" time="0.0" classname="com.ferin.TestAccount"/>
  <testcase name="testDebit" time="0.001" classname="com.ferin.TestAccount"/>
  <testcase name="testSavings" time="0.0" classname="com.ferin.TestAccount"/>
  <testcase name="testData" time="0.001" classname="com.ferin.TestClient"/>
  <testcase name="testExisits" time="0.001" classname="com.ferin.TestClient"/>
  <testcase name="testNullness" time="0.0" classname="com.ferin.TestClient"/>
  <testcase name="testOutput" time="0.001" classname="com.ferin.TestClient"/>
  <testcase name="testBalanceEnq" time="0.001" classname="com.ferin.TestTransaction"/>
  <testcase name="testChain" time="0.0" classname="com.ferin.TestTransaction"/>
  <testcase name="testDeposit" time="0.001" classname="com.ferin.TestTransaction"/>
  <testcase name="testNullness" time="0.0" classname="com.ferin.TestTransaction"/>
  <testcase name="testTransaction" time="0.0" classname="com.ferin.TestTransaction"/>
  <testcase name="testWithdraw" time="0.0" classname="com.ferin.TestTransaction"/>
</testsuite> <!-- Command line test -->
