<?xml version="1.0" encoding="UTF-8"?>
<!-- Generated by org.testng.reporters.JUnitXMLReporter -->
<testsuite hostname="student-virtual-machine" name="Command line test" tests="11" failures="0" timestamp="7 Apr 2016 19:30:56 GMT" time="0.02" errors="0">
  <testcase name="testChange" time="0.006" classname="com.ferin.TestAccount"/>
  <testcase name="testClassOrigin" time="0.0" classname="com.ferin.TestAccount"/>
  <testcase name="testNull" time="0.0" classname="com.ferin.TestAccount"/>
  <testcase name="testStudent" time="0.0" classname="com.ferin.TestAccount"/>
  <testcase name="testNull" time="0.001" classname="com.ferin.TestClient"/>
  <testcase name="testPremium" time="0.001" classname="com.ferin.TestClient"/>
  <testcase name="testStandard" time="0.0" classname="com.ferin.TestClient"/>
  <testcase name="testUpdate" time="0.001" classname="com.ferin.TestClient"/>
  <testcase name="testBalanceEnquiry" time="0.001" classname="com.ferin.TestTransaction"/>
  <testcase name="testTransfer" time="0.0" classname="com.ferin.TestTransaction"/>
  <testcase name="testWithdraw" time="0.0" classname="com.ferin.TestTransaction"/>
</testsuite> <!-- Command line test -->
