<?xml version="1.0" encoding="UTF-8"?>
<testng-results skipped="0" failed="0" total="16" passed="16">
  <reporter-output>
  </reporter-output>
  <suite name="Command line suite" duration-ms="24" started-at="2016-04-02T22:17:29Z" finished-at="2016-04-02T22:17:29Z">
    <groups>
    </groups>
    <test name="Command line test" duration-ms="24" started-at="2016-04-02T22:17:29Z" finished-at="2016-04-02T22:17:29Z">
      <class name="com.ferin.TestTransaction">
        <test-method status="PASS" signature="testBalanceEnq()[pri:0, instance:com.ferin.TestTransaction@1d4f279]" name="testBalanceEnq" duration-ms="1" started-at="2016-04-03T00:17:29Z" finished-at="2016-04-03T00:17:29Z">
          <reporter-output>
          </reporter-output>
        </test-method> <!-- testBalanceEnq -->
        <test-method status="PASS" signature="testChain()[pri:0, instance:com.ferin.TestTransaction@1d4f279]" name="testChain" duration-ms="0" started-at="2016-04-03T00:17:29Z" finished-at="2016-04-03T00:17:29Z">
          <reporter-output>
          </reporter-output>
        </test-method> <!-- testChain -->
        <test-method status="PASS" signature="testDeposit()[pri:0, instance:com.ferin.TestTransaction@1d4f279]" name="testDeposit" duration-ms="1" started-at="2016-04-03T00:17:29Z" finished-at="2016-04-03T00:17:29Z">
          <reporter-output>
          </reporter-output>
        </test-method> <!-- testDeposit -->
        <test-method status="PASS" signature="testNullness()[pri:0, instance:com.ferin.TestTransaction@1d4f279]" name="testNullness" duration-ms="0" started-at="2016-04-03T00:17:29Z" finished-at="2016-04-03T00:17:29Z">
          <reporter-output>
          </reporter-output>
        </test-method> <!-- testNullness -->
        <test-method status="PASS" signature="testWithdraw()[pri:0, instance:com.ferin.TestTransaction@1d4f279]" name="testWithdraw" duration-ms="0" started-at="2016-04-03T00:17:29Z" finished-at="2016-04-03T00:17:29Z">
          <reporter-output>
          </reporter-output>
        </test-method> <!-- testWithdraw -->
        <test-method status="PASS" signature="testTransaction()[pri:0, instance:com.ferin.TestTransaction@1d4f279]" name="testTransaction" duration-ms="0" started-at="2016-04-03T00:17:29Z" finished-at="2016-04-03T00:17:29Z">
          <reporter-output>
          </reporter-output>
        </test-method> <!-- testTransaction -->
      </class> <!-- com.ferin.TestTransaction -->
      <class name="com.ferin.TestClient">
        <test-method status="PASS" signature="testData()[pri:0, instance:com.ferin.TestClient@10dbef1]" name="testData" duration-ms="1" started-at="2016-04-03T00:17:29Z" finished-at="2016-04-03T00:17:29Z">
          <reporter-output>
          </reporter-output>
        </test-method> <!-- testData -->
        <test-method status="PASS" signature="testExisits()[pri:0, instance:com.ferin.TestClient@10dbef1]" name="testExisits" duration-ms="1" started-at="2016-04-03T00:17:29Z" finished-at="2016-04-03T00:17:29Z">
          <reporter-output>
          </reporter-output>
        </test-method> <!-- testExisits -->
        <test-method status="PASS" signature="testOutput()[pri:0, instance:com.ferin.TestClient@10dbef1]" name="testOutput" duration-ms="1" started-at="2016-04-03T00:17:29Z" finished-at="2016-04-03T00:17:29Z">
          <reporter-output>
          </reporter-output>
        </test-method> <!-- testOutput -->
        <test-method status="PASS" signature="testNullness()[pri:0, instance:com.ferin.TestClient@10dbef1]" name="testNullness" duration-ms="0" started-at="2016-04-03T00:17:29Z" finished-at="2016-04-03T00:17:29Z">
          <reporter-output>
          </reporter-output>
        </test-method> <!-- testNullness -->
      </class> <!-- com.ferin.TestClient -->
      <class name="com.ferin.TestAccount">
        <test-method status="PASS" signature="testBuilder()[pri:0, instance:com.ferin.TestAccount@172e08e]" name="testBuilder" duration-ms="6" started-at="2016-04-03T00:17:29Z" finished-at="2016-04-03T00:17:29Z">
          <reporter-output>
          </reporter-output>
        </test-method> <!-- testBuilder -->
        <test-method status="PASS" signature="testCheque()[pri:0, instance:com.ferin.TestAccount@172e08e]" name="testCheque" duration-ms="0" started-at="2016-04-03T00:17:29Z" finished-at="2016-04-03T00:17:29Z">
          <reporter-output>
          </reporter-output>
        </test-method> <!-- testCheque -->
        <test-method status="PASS" signature="testCreditMethod()[pri:0, instance:com.ferin.TestAccount@172e08e]" name="testCreditMethod" duration-ms="0" started-at="2016-04-03T00:17:29Z" finished-at="2016-04-03T00:17:29Z">
          <reporter-output>
          </reporter-output>
        </test-method> <!-- testCreditMethod -->
        <test-method status="PASS" signature="testCredit()[pri:0, instance:com.ferin.TestAccount@172e08e]" name="testCredit" duration-ms="0" started-at="2016-04-03T00:17:29Z" finished-at="2016-04-03T00:17:29Z">
          <reporter-output>
          </reporter-output>
        </test-method> <!-- testCredit -->
        <test-method status="PASS" signature="testDebit()[pri:0, instance:com.ferin.TestAccount@172e08e]" name="testDebit" duration-ms="1" started-at="2016-04-03T00:17:29Z" finished-at="2016-04-03T00:17:29Z">
          <reporter-output>
          </reporter-output>
        </test-method> <!-- testDebit -->
        <test-method status="PASS" signature="testSavings()[pri:0, instance:com.ferin.TestAccount@172e08e]" name="testSavings" duration-ms="0" started-at="2016-04-03T00:17:29Z" finished-at="2016-04-03T00:17:29Z">
          <reporter-output>
          </reporter-output>
        </test-method> <!-- testSavings -->
      </class> <!-- com.ferin.TestAccount -->
    </test> <!-- Command line test -->
  </suite> <!-- Command line suite -->
</testng-results>
